<?xml version="1.0" encoding="UTF-8"?>
<!-- Generated by org.testng.reporters.JUnitXMLReporter -->
<testsuite ignored="5" hostname="omar-VirtualBox" failures="0" tests="4" name="WebUITests2" time="3.854" errors="0" timestamp="2021-05-25T21:22:29 CEST">
  <testcase classname="webUITests.WebUITests" name="openBrowser" time="2.645"/>
  <testcase classname="webUITests.WebUITests" name="navigateToURL" time="0.836"/>
  <testcase classname="webUITests.WebUITests" name="takescreenshot" time="0.246"/>
  <testcase classname="webUITests.WebUITests" name="closeBrowser" time="0.119"/>
  <testcase classname="webUITests.WebUITests" name="delay" time="0.0">
    <ignored/>
  </testcase> <!-- delay -->
  <testcase classname="webUITests.WebUITests" name="openBrowserHeadless" time="0.0">
    <ignored/>
  </testcase> <!-- openBrowserHeadless -->
  <testcase classname="webUITests.WebUITests" name="waitForElementVisible" time="0.0">
    <ignored/>
  </testcase> <!-- waitForElementVisible -->
  <testcase classname="webUITests.WebUITests" name="closeTab" time="0.0">
    <ignored/>
  </testcase> <!-- closeTab -->
  <testcase classname="webUITests.WebUITests" name="openRemoteBrowserHeadless" time="0.0">
    <ignored/>
  </testcase> <!-- openRemoteBrowserHeadless -->
</testsuite> <!-- WebUITests2 -->
