<?xml version="1.0" encoding="UTF-8"?>
<testng-results ignored="0" total="3" passed="3" failed="0" skipped="0">
  <reporter-output>
  </reporter-output>
  <suite started-at="2021-05-24T13:22:30 CEST" name="WebUITestsFlow" finished-at="2021-05-24T13:22:32 CEST" duration-ms="2038">
    <groups>
    </groups>
    <test started-at="2021-05-24T13:22:30 CEST" name="WebUITests" finished-at="2021-05-24T13:22:32 CEST" duration-ms="2038">
      <class name="webUITests.WebUITests">
        <test-method signature="openBrowserHeadless(java.lang.String)[pri:0, instance:webUITests.WebUITests@34f7cfd9]" started-at="2021-05-24T13:22:30 CEST" name="openBrowserHeadless" finished-at="2021-05-24T13:22:32 CEST" duration-ms="1380" status="PASS">
          <params>
            <param index="0">
              <value>
                <![CDATA[Chrome]]>
              </value>
            </param>
          </params>
          <reporter-output>
          </reporter-output>
        </test-method> <!-- openBrowserHeadless -->
        <test-method signature="navigateToURL(java.lang.String)[pri:0, instance:webUITests.WebUITests@34f7cfd9]" started-at="2021-05-24T13:22:32 CEST" name="navigateToURL" finished-at="2021-05-24T13:22:32 CEST" duration-ms="525" status="PASS">
          <params>
            <param index="0">
              <value>
                <![CDATA[https://facebook.com]]>
              </value>
            </param>
          </params>
          <reporter-output>
          </reporter-output>
        </test-method> <!-- navigateToURL -->
        <test-method signature="takescreenshot()[pri:0, instance:webUITests.WebUITests@34f7cfd9]" started-at="2021-05-24T13:22:32 CEST" name="takescreenshot" finished-at="2021-05-24T13:22:32 CEST" duration-ms="106" status="PASS">
          <reporter-output>
          </reporter-output>
        </test-method> <!-- takescreenshot -->
      </class> <!-- webUITests.WebUITests -->
    </test> <!-- WebUITests -->
  </suite> <!-- WebUITestsFlow -->
</testng-results>
